

Microchip Technology PIC18 LITE Macro Assembler V1.41 build -162212810 
                                                                                               Tue May 30 15:43:20 2017

Microchip Technology Omniscient Code Generator v1.41 (Free mode) build 201701250102
     1                           	processor	18F4550
     2                           	fnconf	rparam,??,?,0
     3                           	opt	pw 120
     4                           	opt	lm
     5                           	psect	cinit,global,reloc=2,class=CODE,delta=1
     6                           	psect	bssCOMRAM,global,class=COMRAM,space=1,delta=1,noexec
     7                           	psect	cstackCOMRAM,global,class=COMRAM,space=1,delta=1,noexec
     8                           	psect	text0,global,reloc=2,class=CODE,delta=1
     9                           	psect	text1,global,reloc=2,class=CODE,delta=1
    10                           	psect	text2,global,reloc=2,class=CODE,delta=1
    11                           	psect	text3,global,reloc=2,class=CODE,delta=1
    12                           	psect	intcode,global,reloc=2,class=CODE,delta=1
    13                           	psect	intcode_body,global,reloc=2,class=CODE,delta=1
    14                           	psect	text5,global,reloc=2,class=CODE,delta=1
    15                           	psect	intsave_regs,global,class=BIGRAM,space=1,delta=1,noexec
    16                           	psect	rparam,global,class=COMRAM,space=1,delta=1,noexec
    17                           	psect	temp,global,ovrld,common,class=COMRAM,space=1,delta=1
    18  0000                     
    19                           ; Version 1.41
    20                           ; Generated 25/01/2017 GMT
    21                           ; 
    22                           ; Copyright © 2017, Microchip Technology Inc. and its subsidiaries ("Microchip")
    23                           ; All rights reserved.
    24                           ; 
    25                           ; This software is developed by Microchip Technology Inc. and its subsidiaries ("Microch
      +                          ip").
    26                           ; 
    27                           ; Redistribution and use in source and binary forms, with or without modification, are
    28                           ; permitted provided that the following conditions are met:
    29                           ; 
    30                           ;     1. Redistributions of source code must retain the above copyright notice, this lis
      +                          t of
    31                           ;        conditions and the following disclaimer.
    32                           ; 
    33                           ;     2. Redistributions in binary form must reproduce the above copyright notice, this 
      +                          list
    34                           ;        of conditions and the following disclaimer in the documentation and/or other
    35                           ;        materials provided with the distribution.
    36                           ; 
    37                           ;     3. Microchip's name may not be used to endorse or promote products derived from th
      +                          is
    38                           ;        software without specific prior written permission.
    39                           ; 
    40                           ; THIS SOFTWARE IS PROVIDED BY MICROCHIP "AS IS" AND ANY EXPRESS OR IMPLIED WARRANTIES,
    41                           ; INCLUDING, BUT NOT LIMITED TO, THE IMPLIED WARRANTIES OF MERCHANTABILITY AND FITNESS F
      +                          OR
    42                           ; PURPOSE ARE DISCLAIMED.  IN NO EVENT SHALL MICROCHIP BE LIABLE FOR ANY DIRECT, INDIREC
      +                          T,
    43                           ; INCIDENTAL, SPECIAL, EXEMPLARY, OR CONSEQUENTIAL DAMAGES (INCLUDING BUT NOT LIMITED TO
    44                           ; PROCUREMENT OF SUBSTITUTE GOODS OR SERVICES; LOSS OF USE, DATA OR PROFITS; OR BUSINESS
    45                           ; INTERRUPTION) HOWSOEVER CAUSED AND ON ANY THEORY OF LIABILITY, WHETHER IN CONTRACT, ST
      +                          RICT
    46                           ; LIABILITY, OR TORT (INCLUDING NEGLIGENCE OR OTHERWISE) ARISING IN ANY WAY OUT OF THE U
      +                          SE OF
    47                           ; THIS SOFTWARE, EVEN IF ADVISED OF THE POSSIBILITY OF SUCH DAMAGE.
    48                           ; 
    49                           ; 
    50                           ; Code-generator required, PIC18F4550 Definitions
    51                           ; 
    52                           ; SFR Addresses
    53  0000                     _PORTD	set	3971
    54  0000                     _TRISBbits	set	3987
    55  0000                     _TRISDbits	set	3989
    56  0000                     _PORTEbits	set	3972
    57  0000                     _CCP1CON	set	4029
    58  0000                     _ADCON1	set	4033
    59  0000                     _CMCON	set	4020
    60  0000                     _TMR0	set	4054
    61  0000                     _T0CONbits	set	4053
    62  0000                     _INTCON	set	4082
    63  0000                     _INTCONbits	set	4082
    64                           
    65                           ; #config settings
    66  0000                     
    67                           	psect	cinit
    68  0000E4                     __pcinit:
    69                           	opt stack 0
    70  0000E4                     start_initialization:
    71                           	opt stack 0
    72  0000E4                     __initialization:
    73                           	opt stack 0
    74                           
    75                           ; Clear objects allocated to COMRAM (2 bytes)
    76  0000E4  6A14               	clrf	(__pbssCOMRAM+1)& (0+255),c
    77  0000E6  6A13               	clrf	__pbssCOMRAM& (0+255),c
    78  0000E8                     end_of_initialization:
    79                           	opt stack 0
    80  0000E8                     __end_of__initialization:
    81                           	opt stack 0
    82  0000E8  9015               	bcf	int$flags,0,c	;clear compiler interrupt flag (level 1)
    83  0000EA  9215               	bcf	int$flags,1,c	;clear compiler interrupt flag (level 2)
    84  0000EC  0100               	movlb	0
    85  0000EE  EF49  F000         	goto	_main	;jump to C main() function
    86                           
    87                           	psect	bssCOMRAM
    88  000013                     __pbssCOMRAM:
    89                           	opt stack 0
    90  000013                     __Timer0Count:
    91                           	opt stack 0
    92  000013                     	ds	2
    93                           
    94                           	psect	cstackCOMRAM
    95  000001                     __pcstackCOMRAM:
    96                           	opt stack 0
    97  000001                     ??_ISR:
    98  000001                     
    99                           ; 1 bytes @ 0x0
   100  000001                     	ds	14
   101  00000F                     Delay@cntr:
   102                           	opt stack 0
   103                           
   104                           ; 4 bytes @ 0xE
   105  00000F                     	ds	4
   106  000013                     
   107                           ; 1 bytes @ 0x12
   108 ;;
   109 ;;Main: autosize = 0, tempsize = 0, incstack = 0, save=0
   110 ;;
   111 ;; *************** function _main *****************
   112 ;; Defined at:
   113 ;;		line 206 in file "../main.c"
   114 ;; Parameters:    Size  Location     Type
   115 ;;		None
   116 ;; Auto vars:     Size  Location     Type
   117 ;;		None
   118 ;; Return value:  Size  Location     Type
   119 ;;                  1    wreg      void 
   120 ;; Registers used:
   121 ;;		wreg, status,2, status,0, cstack
   122 ;; Tracked objects:
   123 ;;		On entry : 0/0
   124 ;;		On exit  : 0/0
   125 ;;		Unchanged: 0/0
   126 ;; Data sizes:     COMRAM   BANK0   BANK1   BANK2   BANK3   BANK4   BANK5   BANK6   BANK7
   127 ;;      Params:         0       0       0       0       0       0       0       0       0
   128 ;;      Locals:         0       0       0       0       0       0       0       0       0
   129 ;;      Temps:          0       0       0       0       0       0       0       0       0
   130 ;;      Totals:         0       0       0       0       0       0       0       0       0
   131 ;;Total ram usage:        0 bytes
   132 ;; Hardware stack levels required when called:    3
   133 ;; This function calls:
   134 ;;		_Delay
   135 ;;		__Timer0Config
   136 ;;		__Timer0Start
   137 ;; This function is called by:
   138 ;;		Startup code after reset
   139 ;; This function uses a non-reentrant model
   140 ;;
   141                           
   142                           	psect	text0
   143  000092                     __ptext0:
   144                           	opt stack 0
   145  000092                     _main:
   146                           	opt stack 28
   147                           
   148                           ;main.c: 209: INTCON = 0x0;
   149                           
   150                           ;incstack = 0
   151  000092  0E00               	movlw	0
   152  000094  6EF2               	movwf	intcon,c	;volatile
   153                           
   154                           ;main.c: 210: CMCON = 0x07;
   155  000096  0E07               	movlw	7
   156  000098  6EB4               	movwf	4020,c	;volatile
   157                           
   158                           ;main.c: 211: ADCON1 = 0x06;
   159  00009A  0E06               	movlw	6
   160  00009C  6EC1               	movwf	4033,c	;volatile
   161                           
   162                           ;main.c: 213: PORTEbits.RDPU = 0;
   163  00009E  9E84               	bcf	3972,7,c	;volatile
   164                           
   165                           ;main.c: 214: CCP1CON = 0;
   166  0000A0  0E00               	movlw	0
   167  0000A2  6EBD               	movwf	4029,c	;volatile
   168                           
   169                           ;main.c: 215: TRISDbits.TRISD3 = 0;
   170  0000A4  9695               	bcf	3989,3,c	;volatile
   171                           
   172                           ;main.c: 216: TRISBbits.TRISB4 = 1;
   173  0000A6  8893               	bsf	3987,4,c	;volatile
   174                           
   175                           ;main.c: 219: _Timer0Config();
   176  0000A8  EC80  F000         	call	__Timer0Config	;wreg free
   177                           
   178                           ;main.c: 220: _Timer0Start();
   179  0000AC  EC79  F000         	call	__Timer0Start	;wreg free
   180                           
   181                           ;main.c: 221: INTCONbits.GIE = 1;
   182  0000B0  8EF2               	bsf	intcon,7,c	;volatile
   183  0000B2                     l713:
   184                           
   185                           ;main.c: 227: PORTD ^= 0x08;
   186  0000B2  0E08               	movlw	8
   187  0000B4  1A83               	xorwf	3971,f,c	;volatile
   188                           
   189                           ;main.c: 229: Delay(50000);
   190  0000B6  0E50               	movlw	80
   191  0000B8  6E0F               	movwf	Delay@cntr,c
   192  0000BA  0EC3               	movlw	195
   193  0000BC  6E10               	movwf	Delay@cntr+1,c
   194  0000BE  0E00               	movlw	0
   195  0000C0  6E11               	movwf	Delay@cntr+2,c
   196  0000C2  0E00               	movlw	0
   197  0000C4  6E12               	movwf	Delay@cntr+3,c
   198  0000C6  EC66  F000         	call	_Delay	;wreg free
   199  0000CA  D7F3               	goto	l713
   200  0000CC                     __end_of_main:
   201                           	opt stack 0
   202                           intcon	equ	0xFF2
   203                           
   204 ;; *************** function __Timer0Start *****************
   205 ;; Defined at:
   206 ;;		line 146 in file "../main.c"
   207 ;; Parameters:    Size  Location     Type
   208 ;;		None
   209 ;; Auto vars:     Size  Location     Type
   210 ;;		None
   211 ;; Return value:  Size  Location     Type
   212 ;;                  1    wreg      void 
   213 ;; Registers used:
   214 ;;		wreg, status,2
   215 ;; Tracked objects:
   216 ;;		On entry : 0/0
   217 ;;		On exit  : 0/0
   218 ;;		Unchanged: 0/0
   219 ;; Data sizes:     COMRAM   BANK0   BANK1   BANK2   BANK3   BANK4   BANK5   BANK6   BANK7
   220 ;;      Params:         0       0       0       0       0       0       0       0       0
   221 ;;      Locals:         0       0       0       0       0       0       0       0       0
   222 ;;      Temps:          0       0       0       0       0       0       0       0       0
   223 ;;      Totals:         0       0       0       0       0       0       0       0       0
   224 ;;Total ram usage:        0 bytes
   225 ;; Hardware stack levels used:    1
   226 ;; Hardware stack levels required when called:    2
   227 ;; This function calls:
   228 ;;		Nothing
   229 ;; This function is called by:
   230 ;;		_main
   231 ;; This function uses a non-reentrant model
   232 ;;
   233                           
   234                           	psect	text1
   235  0000F2                     __ptext1:
   236                           	opt stack 0
   237  0000F2                     __Timer0Start:
   238                           	opt stack 28
   239                           
   240                           ;main.c: 149: INTCONbits.TMR0IF = 0;
   241                           
   242                           ;incstack = 0
   243  0000F2  94F2               	bcf	intcon,2,c	;volatile
   244                           
   245                           ;main.c: 152: TMR0 = (0x06);
   246  0000F4  0E00               	movlw	0
   247  0000F6  6ED7               	movwf	4055,c	;volatile
   248  0000F8  0E06               	movlw	6
   249  0000FA  6ED6               	movwf	4054,c	;volatile
   250                           
   251                           ;main.c: 155: INTCONbits.TMR0IE = 1;
   252  0000FC  8AF2               	bsf	intcon,5,c	;volatile
   253  0000FE  0012               	return	
   254  000100                     __end_of__Timer0Start:
   255                           	opt stack 0
   256                           intcon	equ	0xFF2
   257                           
   258 ;; *************** function __Timer0Config *****************
   259 ;; Defined at:
   260 ;;		line 111 in file "../main.c"
   261 ;; Parameters:    Size  Location     Type
   262 ;;		None
   263 ;; Auto vars:     Size  Location     Type
   264 ;;		None
   265 ;; Return value:  Size  Location     Type
   266 ;;                  1    wreg      void 
   267 ;; Registers used:
   268 ;;		wreg, status,2
   269 ;; Tracked objects:
   270 ;;		On entry : 0/0
   271 ;;		On exit  : 0/0
   272 ;;		Unchanged: 0/0
   273 ;; Data sizes:     COMRAM   BANK0   BANK1   BANK2   BANK3   BANK4   BANK5   BANK6   BANK7
   274 ;;      Params:         0       0       0       0       0       0       0       0       0
   275 ;;      Locals:         0       0       0       0       0       0       0       0       0
   276 ;;      Temps:          0       0       0       0       0       0       0       0       0
   277 ;;      Totals:         0       0       0       0       0       0       0       0       0
   278 ;;Total ram usage:        0 bytes
   279 ;; Hardware stack levels used:    1
   280 ;; Hardware stack levels required when called:    2
   281 ;; This function calls:
   282 ;;		Nothing
   283 ;; This function is called by:
   284 ;;		_main
   285 ;; This function uses a non-reentrant model
   286 ;;
   287                           
   288                           	psect	text2
   289  000100                     __ptext2:
   290                           	opt stack 0
   291  000100                     __Timer0Config:
   292                           	opt stack 28
   293                           
   294                           ;main.c: 116: T0CONbits.T0CS = 0;
   295                           
   296                           ;incstack = 0
   297  000100  9AD5               	bcf	4053,5,c	;volatile
   298                           
   299                           ;main.c: 121: T0CONbits.PSA = 0;
   300  000102  96D5               	bcf	4053,3,c	;volatile
   301                           
   302                           ;main.c: 132: T0CONbits.T0PS = 0b100;
   303  000104  50D5               	movf	4053,w,c	;volatile
   304  000106  0BF8               	andlw	-8
   305  000108  0904               	iorlw	4
   306  00010A  6ED5               	movwf	4053,c	;volatile
   307  00010C  0012               	return	
   308  00010E                     __end_of__Timer0Config:
   309                           	opt stack 0
   310                           intcon	equ	0xFF2
   311                           
   312 ;; *************** function _Delay *****************
   313 ;; Defined at:
   314 ;;		line 201 in file "../main.c"
   315 ;; Parameters:    Size  Location     Type
   316 ;;  cntr            4   14[COMRAM] unsigned long 
   317 ;; Auto vars:     Size  Location     Type
   318 ;;		None
   319 ;; Return value:  Size  Location     Type
   320 ;;                  1    wreg      void 
   321 ;; Registers used:
   322 ;;		wreg, status,2, status,0
   323 ;; Tracked objects:
   324 ;;		On entry : 0/0
   325 ;;		On exit  : 0/0
   326 ;;		Unchanged: 0/0
   327 ;; Data sizes:     COMRAM   BANK0   BANK1   BANK2   BANK3   BANK4   BANK5   BANK6   BANK7
   328 ;;      Params:         4       0       0       0       0       0       0       0       0
   329 ;;      Locals:         0       0       0       0       0       0       0       0       0
   330 ;;      Temps:          0       0       0       0       0       0       0       0       0
   331 ;;      Totals:         4       0       0       0       0       0       0       0       0
   332 ;;Total ram usage:        4 bytes
   333 ;; Hardware stack levels used:    1
   334 ;; Hardware stack levels required when called:    2
   335 ;; This function calls:
   336 ;;		Nothing
   337 ;; This function is called by:
   338 ;;		_main
   339 ;; This function uses a non-reentrant model
   340 ;;
   341                           
   342                           	psect	text3
   343  0000CC                     __ptext3:
   344                           	opt stack 0
   345  0000CC                     _Delay:
   346                           	opt stack 28
   347  0000CC                     l697:
   348  0000CC  060F               	decf	Delay@cntr,f,c
   349  0000CE  0E00               	movlw	0
   350  0000D0  5A10               	subwfb	Delay@cntr+1,f,c
   351  0000D2  5A11               	subwfb	Delay@cntr+2,f,c
   352  0000D4  5A12               	subwfb	Delay@cntr+3,f,c
   353  0000D6  500F               	movf	Delay@cntr,w,c
   354  0000D8  1010               	iorwf	Delay@cntr+1,w,c
   355  0000DA  1011               	iorwf	Delay@cntr+2,w,c
   356  0000DC  1012               	iorwf	Delay@cntr+3,w,c
   357  0000DE  B4D8               	btfsc	status,2,c
   358  0000E0  0012               	return	
   359  0000E2  D7F4               	goto	l697
   360  0000E4                     __end_of_Delay:
   361                           	opt stack 0
   362                           intcon	equ	0xFF2
   363                           status	equ	0xFD8
   364                           
   365 ;; *************** function _ISR *****************
   366 ;; Defined at:
   367 ;;		line 179 in file "../main.c"
   368 ;; Parameters:    Size  Location     Type
   369 ;;		None
   370 ;; Auto vars:     Size  Location     Type
   371 ;;		None
   372 ;; Return value:  Size  Location     Type
   373 ;;                  1    wreg      void 
   374 ;; Registers used:
   375 ;;		wreg, status,2, status,0, cstack
   376 ;; Tracked objects:
   377 ;;		On entry : 0/0
   378 ;;		On exit  : 0/0
   379 ;;		Unchanged: 0/0
   380 ;; Data sizes:     COMRAM   BANK0   BANK1   BANK2   BANK3   BANK4   BANK5   BANK6   BANK7
   381 ;;      Params:         0       0       0       0       0       0       0       0       0
   382 ;;      Locals:         0       0       0       0       0       0       0       0       0
   383 ;;      Temps:         14       0       0       0       0       0       0       0       0
   384 ;;      Totals:        14       0       0       0       0       0       0       0       0
   385 ;;Total ram usage:       14 bytes
   386 ;; Hardware stack levels used:    1
   387 ;; Hardware stack levels required when called:    1
   388 ;; This function calls:
   389 ;;		__Timer0ISR
   390 ;; This function is called by:
   391 ;;		Interrupt level 2
   392 ;; This function uses a non-reentrant model
   393 ;;
   394                           
   395                           	psect	intcode
   396  000008                     __pintcode:
   397                           	opt stack 0
   398  000008                     _ISR:
   399                           	opt stack 28
   400                           
   401                           ;incstack = 0
   402  000008  8215               	bsf	btemp,1,c	;set compiler interrupt flag (level 2)
   403  00000A  ED09  F000         	call	int_func,f	;refresh shadow registers
   404                           intcon	equ	0xFF2
   405                           status	equ	0xFD8
   406                           
   407                           	psect	intcode_body
   408  000012                     __pintcode_body:
   409                           	opt stack 28
   410  000012                     int_func:
   411                           	opt stack 28
   412  000012  0006               	pop		; remove dummy address from shadow register refresh
   413  000014  CFFA F001          	movff	pclath,??_ISR
   414  000018  CFFB F002          	movff	pclatu,??_ISR+1
   415  00001C  CFE9 F003          	movff	fsr0l,??_ISR+2
   416  000020  CFEA F004          	movff	fsr0h,??_ISR+3
   417  000024  CFE1 F005          	movff	fsr1l,??_ISR+4
   418  000028  CFE2 F006          	movff	fsr1h,??_ISR+5
   419  00002C  CFD9 F007          	movff	fsr2l,??_ISR+6
   420  000030  CFDA F008          	movff	fsr2h,??_ISR+7
   421  000034  CFF3 F009          	movff	prodl,??_ISR+8
   422  000038  CFF4 F00A          	movff	prodh,??_ISR+9
   423  00003C  CFF6 F00B          	movff	tblptrl,??_ISR+10
   424  000040  CFF7 F00C          	movff	tblptrh,??_ISR+11
   425  000044  CFF8 F00D          	movff	tblptru,??_ISR+12
   426  000048  CFF5 F00E          	movff	tablat,??_ISR+13
   427                           
   428                           ;main.c: 181: if(INTCONbits.TMR0IF)
   429  00004C  A4F2               	btfss	intcon,2,c	;volatile
   430  00004E  D003               	goto	i2l37
   431                           
   432                           ;main.c: 182: {
   433                           ;main.c: 184: INTCONbits.TMR0IF = 0;
   434  000050  94F2               	bcf	intcon,2,c	;volatile
   435                           
   436                           ;main.c: 185: _Timer0ISR();
   437  000052  EC87  F000         	call	__Timer0ISR	;wreg free
   438  000056                     i2l37:
   439  000056  C00E  FFF5         	movff	??_ISR+13,tablat
   440  00005A  C00D  FFF8         	movff	??_ISR+12,tblptru
   441  00005E  C00C  FFF7         	movff	??_ISR+11,tblptrh
   442  000062  C00B  FFF6         	movff	??_ISR+10,tblptrl
   443  000066  C00A  FFF4         	movff	??_ISR+9,prodh
   444  00006A  C009  FFF3         	movff	??_ISR+8,prodl
   445  00006E  C008  FFDA         	movff	??_ISR+7,fsr2h
   446  000072  C007  FFD9         	movff	??_ISR+6,fsr2l
   447  000076  C006  FFE2         	movff	??_ISR+5,fsr1h
   448  00007A  C005  FFE1         	movff	??_ISR+4,fsr1l
   449  00007E  C004  FFEA         	movff	??_ISR+3,fsr0h
   450  000082  C003  FFE9         	movff	??_ISR+2,fsr0l
   451  000086  C002  FFFB         	movff	??_ISR+1,pclatu
   452  00008A  C001  FFFA         	movff	??_ISR,pclath
   453  00008E  9215               	bcf	btemp,1,c	;clear compiler interrupt flag (level 2)
   454  000090  0011               	retfie		f
   455  000092                     __end_of_ISR:
   456                           	opt stack 0
   457                           pclatu	equ	0xFFB
   458                           pclath	equ	0xFFA
   459                           tblptru	equ	0xFF8
   460                           tblptrh	equ	0xFF7
   461                           tblptrl	equ	0xFF6
   462                           tablat	equ	0xFF5
   463                           prodh	equ	0xFF4
   464                           prodl	equ	0xFF3
   465                           intcon	equ	0xFF2
   466                           fsr0h	equ	0xFEA
   467                           fsr0l	equ	0xFE9
   468                           fsr1h	equ	0xFE2
   469                           fsr1l	equ	0xFE1
   470                           fsr2h	equ	0xFDA
   471                           fsr2l	equ	0xFD9
   472                           status	equ	0xFD8
   473                           
   474 ;; *************** function __Timer0ISR *****************
   475 ;; Defined at:
   476 ;;		line 166 in file "../main.c"
   477 ;; Parameters:    Size  Location     Type
   478 ;;		None
   479 ;; Auto vars:     Size  Location     Type
   480 ;;		None
   481 ;; Return value:  Size  Location     Type
   482 ;;                  1    wreg      void 
   483 ;; Registers used:
   484 ;;		wreg, status,2, status,0
   485 ;; Tracked objects:
   486 ;;		On entry : 0/0
   487 ;;		On exit  : 0/0
   488 ;;		Unchanged: 0/0
   489 ;; Data sizes:     COMRAM   BANK0   BANK1   BANK2   BANK3   BANK4   BANK5   BANK6   BANK7
   490 ;;      Params:         0       0       0       0       0       0       0       0       0
   491 ;;      Locals:         0       0       0       0       0       0       0       0       0
   492 ;;      Temps:          0       0       0       0       0       0       0       0       0
   493 ;;      Totals:         0       0       0       0       0       0       0       0       0
   494 ;;Total ram usage:        0 bytes
   495 ;; Hardware stack levels used:    1
   496 ;; This function calls:
   497 ;;		Nothing
   498 ;; This function is called by:
   499 ;;		_ISR
   500 ;; This function uses a non-reentrant model
   501 ;;
   502                           
   503                           	psect	text5
   504  00010E                     __ptext5:
   505                           	opt stack 0
   506  00010E                     __Timer0ISR:
   507                           	opt stack 28
   508                           
   509                           ;main.c: 169: TMR0 = (0x06);
   510                           
   511                           ;incstack = 0
   512  00010E  0E00               	movlw	0
   513  000110  6ED7               	movwf	4055,c	;volatile
   514  000112  0E06               	movlw	6
   515  000114  6ED6               	movwf	4054,c	;volatile
   516                           
   517                           ;main.c: 170: _Timer0Count++;
   518  000116  4A13               	infsnz	__Timer0Count,f,c
   519  000118  2A14               	incf	__Timer0Count+1,f,c
   520  00011A  0012               	return	
   521  00011C                     __end_of__Timer0ISR:
   522                           	opt stack 0
   523  0000                     pclatu	equ	0xFFB
   524                           pclath	equ	0xFFA
   525                           tblptru	equ	0xFF8
   526                           tblptrh	equ	0xFF7
   527                           tblptrl	equ	0xFF6
   528                           tablat	equ	0xFF5
   529                           prodh	equ	0xFF4
   530                           prodl	equ	0xFF3
   531                           intcon	equ	0xFF2
   532                           fsr0h	equ	0xFEA
   533                           fsr0l	equ	0xFE9
   534                           fsr1h	equ	0xFE2
   535                           fsr1l	equ	0xFE1
   536                           fsr2h	equ	0xFDA
   537                           fsr2l	equ	0xFD9
   538                           status	equ	0xFD8
   539                           pclatu	equ	0xFFB
   540                           pclath	equ	0xFFA
   541                           tblptru	equ	0xFF8
   542                           tblptrh	equ	0xFF7
   543                           tblptrl	equ	0xFF6
   544                           tablat	equ	0xFF5
   545                           prodh	equ	0xFF4
   546                           prodl	equ	0xFF3
   547                           intcon	equ	0xFF2
   548                           fsr0h	equ	0xFEA
   549                           fsr0l	equ	0xFE9
   550                           fsr1h	equ	0xFE2
   551                           fsr1l	equ	0xFE1
   552                           fsr2h	equ	0xFDA
   553                           fsr2l	equ	0xFD9
   554                           status	equ	0xFD8
   555                           
   556                           	psect	rparam
   557  0000                     pclatu	equ	0xFFB
   558                           pclath	equ	0xFFA
   559                           tblptru	equ	0xFF8
   560                           tblptrh	equ	0xFF7
   561                           tblptrl	equ	0xFF6
   562                           tablat	equ	0xFF5
   563                           prodh	equ	0xFF4
   564                           prodl	equ	0xFF3
   565                           intcon	equ	0xFF2
   566                           fsr0h	equ	0xFEA
   567                           fsr0l	equ	0xFE9
   568                           fsr1h	equ	0xFE2
   569                           fsr1l	equ	0xFE1
   570                           fsr2h	equ	0xFDA
   571                           fsr2l	equ	0xFD9
   572                           status	equ	0xFD8
   573                           
   574                           	psect	temp
   575  000015                     btemp:
   576                           	opt stack 0
   577  000015                     	ds	1
   578  0000                     int$flags	set	btemp
   579                           pclatu	equ	0xFFB
   580                           pclath	equ	0xFFA
   581                           tblptru	equ	0xFF8
   582                           tblptrh	equ	0xFF7
   583                           tblptrl	equ	0xFF6
   584                           tablat	equ	0xFF5
   585                           prodh	equ	0xFF4
   586                           prodl	equ	0xFF3
   587                           intcon	equ	0xFF2
   588                           fsr0h	equ	0xFEA
   589                           fsr0l	equ	0xFE9
   590                           fsr1h	equ	0xFE2
   591                           fsr1l	equ	0xFE1
   592                           fsr2h	equ	0xFDA
   593                           fsr2l	equ	0xFD9
   594                           status	equ	0xFD8


Data Sizes:
    Strings     0
    Constant    0
    Data        0
    BSS         2
    Persistent  0
    Stack       0

Auto Spaces:
    Space          Size  Autos    Used
    COMRAM           94     18      20
    BANK0           160      0       0
    BANK1           256      0       0
    BANK2           256      0       0
    BANK3           239      0       0
    BANK4           256      0       0
    BANK5           256      0       0
    BANK6           256      0       0
    BANK7           256      0       0

Pointer List with Targets:

    None.

Critical Paths under _main in COMRAM

    _main->_Delay

Critical Paths under _ISR in COMRAM

    None.

Critical Paths under _main in BANK0

    None.

Critical Paths under _ISR in BANK0

    None.

Critical Paths under _main in BANK1

    None.

Critical Paths under _ISR in BANK1

    None.

Critical Paths under _main in BANK2

    None.

Critical Paths under _ISR in BANK2

    None.

Critical Paths under _main in BANK3

    None.

Critical Paths under _ISR in BANK3

    None.

Critical Paths under _main in BANK4

    None.

Critical Paths under _ISR in BANK4

    None.

Critical Paths under _main in BANK5

    None.

Critical Paths under _ISR in BANK5

    None.

Critical Paths under _main in BANK6

    None.

Critical Paths under _ISR in BANK6

    None.

Critical Paths under _main in BANK7

    None.

Critical Paths under _ISR in BANK7

    None.

Call Graph Tables:

 ---------------------------------------------------------------------------------
 (Depth) Function   	        Calls       Base Space   Used Autos Params    Refs
 ---------------------------------------------------------------------------------
 (0) _main                                                 0     0      0      65
                              _Delay
                      __Timer0Config
                       __Timer0Start
 ---------------------------------------------------------------------------------
 (1) __Timer0Start                                         0     0      0       0
 ---------------------------------------------------------------------------------
 (1) __Timer0Config                                        0     0      0       0
 ---------------------------------------------------------------------------------
 (1) _Delay                                                4     0      4      65
                                             14 COMRAM     4     0      4
 ---------------------------------------------------------------------------------
 Estimated maximum stack depth 1
 ---------------------------------------------------------------------------------
 (Depth) Function   	        Calls       Base Space   Used Autos Params    Refs
 ---------------------------------------------------------------------------------
 (2) _ISR                                                 14    14      0       0
                                              0 COMRAM    14    14      0
                         __Timer0ISR
 ---------------------------------------------------------------------------------
 (3) __Timer0ISR                                           0     0      0       0
 ---------------------------------------------------------------------------------
 Estimated maximum stack depth 3
 ---------------------------------------------------------------------------------

 Call Graph Graphs:

 _main (ROOT)
   _Delay
   __Timer0Config
   __Timer0Start

 _ISR (ROOT)
   __Timer0ISR

 Address spaces:
Name               Size   Autos  Total    Cost      Usage
BIGRAM_1           400      0       0      21        0.0%
BIGRAM             3EE      0       0      22        0.0%
EEDATA             100      0       0       0        0.0%
BITBANK7           100      0       0      19        0.0%
BANK7              100      0       0      20        0.0%
BITBANK6           100      0       0      17        0.0%
BANK6              100      0       0      18        0.0%
BITBANK5           100      0       0      15        0.0%
BANK5              100      0       0      16        0.0%
BITBANK4           100      0       0      13        0.0%
BANK4              100      0       0      14        0.0%
BITBANK2           100      0       0       8        0.0%
BANK2              100      0       0       9        0.0%
BITBANK1           100      0       0       6        0.0%
BANK1              100      0       0       7        0.0%
BITBANK3            EF      0       0      12        0.0%
BANK3               EF      0       0      10        0.0%
BITBANK0            A0      0       0       4        0.0%
BANK0               A0      0       0       5        0.0%
BITCOMRAM           5E      0       0       0        0.0%
COMRAM              5E     12      14       1       21.3%
BITSFR_5             0      0       0     200        0.0%
SFR_5                0      0       0     200        0.0%
BITSFR_4             0      0       0     200        0.0%
SFR_4                0      0       0     200        0.0%
BITSFR_3             0      0       0     200        0.0%
SFR_3                0      0       0     200        0.0%
BITSFR_2             0      0       0     200        0.0%
SFR_2                0      0       0     200        0.0%
BITSFR_1             0      0       0     200        0.0%
SFR_1                0      0       0     200        0.0%
BITSFR               0      0       0     200        0.0%
SFR                  0      0       0     200        0.0%
STACK                0      0       0       2        0.0%
NULL                 0      0       0       0        0.0%
ABS                  0      0      14      11        0.0%
DATA                 0      0      14       3        0.0%
CODE                 0      0       0       0        0.0%


Microchip Technology PIC18 Macro Assembler V1.41 build -162212810 
Symbol Table                                                                                   Tue May 30 15:43:20 2017

            __CFG_BOR$ON 000000              __CFG_BORV$3 000000             __CFG_CP0$OFF 000000  
           __CFG_CP1$OFF 000000             __CFG_CP2$OFF 000000             __CFG_CP3$OFF 000000  
                    l713 00B2                      l697 00CC             __CFG_CPB$OFF 000000  
           __CFG_CPD$OFF 000000                      _ISR 0008             __CFG_FOSC$HS 000000  
           __CFG_LVP$OFF 000000                     ?_ISR 0001             __CFG_WDT$OFF 000000  
                   i2l37 0056                     _TMR0 000FD6            __CFG_FCMEN$ON 000000  
                   _main 0092                     fsr0h 000FEA                     fsr1h 000FE2  
                   fsr2h 000FDA                     fsr0l 000FE9                     fsr1l 000FE1  
                   fsr2l 000FD9                     btemp 0015                     prodh 000FF4  
                   prodl 000FF3                     start 000E            __CFG_IESO$OFF 000000  
          __CFG_MCLRE$ON 000000             ___param_bank 000000                    ??_ISR 0001  
          __CFG_PLLDIV$1 000000           __CFG_CCP2MX$ON 000000                    ?_main 0001  
                  _CMCON 000FB4                    _PORTD 000F83            __CFG_USBDIV$1 000000  
                  _Delay 00CC            __CFG_PWRT$OFF 000000            __CFG_WRT0$OFF 000000  
          __CFG_WRT1$OFF 000000            __CFG_WRT2$OFF 000000            __CFG_WRT3$OFF 000000  
         __CFG_EBTR0$OFF 000000           __CFG_EBTR1$OFF 000000           __CFG_EBTR2$OFF 000000  
         __CFG_EBTR3$OFF 000000            __CFG_WRTB$OFF 000000            __CFG_WRTC$OFF 000000  
          __CFG_WRTD$OFF 000000           __CFG_EBTRB$OFF 000000                    pclath 000FFA  
                  tablat 000FF5                    status 000FD8           __CFG_ICPRT$OFF 000000  
         __CFG_PBADEN$ON 000000          __initialization 00E4             __end_of_main 00CC  
                 ??_main 0013            __activetblptr 000000                   ?_Delay 000F  
                 _ADCON1 000FC1                   _INTCON 000FF2    __end_of__Timer0Config 010E  
         __CFG_XINST$OFF 000000               __Timer0ISR 010E           __CFG_STVREN$ON 000000  
                 tblptrh 000FF7                   tblptrl 000FF6                   tblptru 000FF8  
             __accesstop 0060  __end_of__initialization 00E8            ___rparam_used 000001  
          __end_of_Delay 00E4           __pcstackCOMRAM 0001                  ??_Delay 0013  
            ?__Timer0ISR 0001                  _CCP1CON 000FBD            ?__Timer0Start 0001  
        __CFG_VREGEN$OFF 000000                  __Hparam 0000                  __Lparam 0000  
                __pcinit 00E4                  __ramtop 0800                  __ptext0 0092  
                __ptext1 00F2                  __ptext2 0100                  __ptext3 00CC  
                __ptext5 010E                _T0CONbits 000FD5             __size_of_ISR 008A  
         ??__Timer0Start 000F           __pintcode_body 0012                Delay@cntr 000F  
    __size_of__Timer0ISR 000E     end_of_initialization 00E8                  int_func 0012  
              _PORTEbits 000F84                _TRISBbits 000F93                _TRISDbits 000F95  
 __size_of__Timer0Config 000E      start_initialization 00E4              __end_of_ISR 0092  
   __end_of__Timer0Start 0100             ??__Timer0ISR 0001         __CFG_LPT1OSC$OFF 000000  
            __pbssCOMRAM 0013       __end_of__Timer0ISR 011C            __Timer0Config 0100  
              __pintcode 0008           __size_of_Delay 0018           ?__Timer0Config 0001  
       __CFG_WDTPS$32768 000000    __size_of__Timer0Start 000E                 __Hrparam 0000  
               __Lrparam 0000             __Timer0Count 0013             __Timer0Start 00F2  
        ??__Timer0Config 000F            __size_of_main 003A                 int$flags 0015  
  __CFG_CPUDIV$OSC1_PLL2 000000               _INTCONbits 000FF2                 intlevel2 0000  
